<?xml version="1.0" encoding="UTF-8"?>
<!-- Generated by org.testng.reporters.JUnitReportReporter -->
<testsuite skipped="0" hostname="sunxiebins-MacBook-Air.local" name="org.sun.HelloService_Ok_IT" tests="1" failures="0" timestamp="24 Aug 2019 13:42:47 GMT" time="2.115" errors="0">
  <testcase name="helloServiceOk" time="2.115" classname="org.sun.HelloService_Ok_IT"/>
</testsuite> <!-- org.sun.HelloService_Ok_IT -->
