<?xml version="1.0" encoding="UTF-8"?>
<testsuite name="org.sun.HelloService_Ok_IT" time="0.0" tests="1" errors="0" skipped="0" failures="0">
    <testcase name="HelloService_Ok_IT" classname="org.sun.HelloService_Ok_IT" time="0.0"/>
</testsuite>